<?xml version="1.0" encoding="UTF-8"?>
<coverage generated="1675928189004" clover="3.2.0">
  <project timestamp="1675928189004" name="All files">
    <metrics statements="116" coveredstatements="92" conditionals="86" coveredconditionals="72" methods="22" coveredmethods="21" elements="224" coveredelements="185" complexity="0" loc="116" ncloc="116" packages="1" files="2" classes="2"/>
    <file name="routes.js" path="/Users/katyhe/Desktop/CIS450 HW2/CIS450_HW2/HW2_student/server/routes.js">
      <metrics statements="98" coveredstatements="75" conditionals="86" coveredconditionals="72" methods="21" coveredmethods="21"/>
      <line num="1" count="1" type="stmt"/>
      <line num="2" count="1" type="stmt"/>
      <line num="6" count="1" type="stmt"/>
      <line num="13" count="1" type="cond" truecount="1" falsecount="1"/>
      <line num="20" count="1" type="stmt"/>
      <line num="22" count="2" type="stmt"/>
      <line num="23" count="2" type="stmt"/>
      <line num="27" count="2" type="cond" truecount="2" falsecount="0"/>
      <line num="29" count="1" type="stmt"/>
      <line num="30" count="1" type="cond" truecount="1" falsecount="1"/>
      <line num="32" count="1" type="stmt"/>
      <line num="35" count="0" type="stmt"/>
      <line num="40" count="1" type="stmt"/>
      <line num="44" count="1" type="cond" truecount="1" falsecount="1"/>
      <line num="48" count="1" type="stmt"/>
      <line num="55" count="1" type="cond" truecount="3" falsecount="1"/>
      <line num="58" count="0" type="stmt"/>
      <line num="59" count="0" type="stmt"/>
      <line num="65" count="1" type="stmt"/>
      <line num="77" count="1" type="stmt"/>
      <line num="80" count="1" type="stmt"/>
      <line num="85" count="1" type="cond" truecount="3" falsecount="1"/>
      <line num="86" count="0" type="stmt"/>
      <line num="87" count="0" type="stmt"/>
      <line num="89" count="1" type="stmt"/>
      <line num="95" count="1" type="stmt"/>
      <line num="97" count="1" type="stmt"/>
      <line num="102" count="1" type="cond" truecount="3" falsecount="1"/>
      <line num="103" count="0" type="stmt"/>
      <line num="104" count="0" type="stmt"/>
      <line num="106" count="1" type="stmt"/>
      <line num="112" count="1" type="stmt"/>
      <line num="115" count="1" type="stmt"/>
      <line num="120" count="1" type="cond" truecount="3" falsecount="1"/>
      <line num="121" count="0" type="stmt"/>
      <line num="122" count="0" type="stmt"/>
      <line num="124" count="1" type="stmt"/>
      <line num="130" count="1" type="stmt"/>
      <line num="132" count="1" type="stmt"/>
      <line num="138" count="1" type="cond" truecount="3" falsecount="1"/>
      <line num="139" count="0" type="stmt"/>
      <line num="140" count="0" type="stmt"/>
      <line num="142" count="1" type="stmt"/>
      <line num="152" count="1" type="stmt"/>
      <line num="153" count="3" type="stmt"/>
      <line num="155" count="3" type="cond" truecount="2" falsecount="0"/>
      <line num="156" count="3" type="stmt"/>
      <line num="158" count="3" type="cond" truecount="2" falsecount="0"/>
      <line num="161" count="1" type="stmt"/>
      <line num="167" count="1" type="cond" truecount="3" falsecount="1"/>
      <line num="168" count="0" type="stmt"/>
      <line num="169" count="0" type="stmt"/>
      <line num="171" count="1" type="stmt"/>
      <line num="177" count="2" type="stmt"/>
      <line num="185" count="2" type="cond" truecount="3" falsecount="1"/>
      <line num="186" count="0" type="stmt"/>
      <line num="187" count="0" type="stmt"/>
      <line num="189" count="2" type="stmt"/>
      <line num="196" count="1" type="stmt"/>
      <line num="199" count="3" type="stmt"/>
      <line num="200" count="3" type="cond" truecount="2" falsecount="0"/>
      <line num="201" count="3" type="stmt"/>
      <line num="203" count="3" type="cond" truecount="2" falsecount="0"/>
      <line num="206" count="1" type="stmt"/>
      <line num="212" count="1" type="cond" truecount="3" falsecount="1"/>
      <line num="213" count="0" type="stmt"/>
      <line num="214" count="0" type="stmt"/>
      <line num="216" count="1" type="stmt"/>
      <line num="220" count="2" type="stmt"/>
      <line num="228" count="2" type="cond" truecount="3" falsecount="1"/>
      <line num="229" count="0" type="stmt"/>
      <line num="230" count="0" type="stmt"/>
      <line num="232" count="2" type="stmt"/>
      <line num="239" count="1" type="stmt"/>
      <line num="242" count="2" type="cond" truecount="2" falsecount="0"/>
      <line num="243" count="2" type="cond" truecount="2" falsecount="0"/>
      <line num="244" count="2" type="cond" truecount="2" falsecount="0"/>
      <line num="245" count="2" type="cond" truecount="2" falsecount="0"/>
      <line num="246" count="2" type="cond" truecount="2" falsecount="0"/>
      <line num="247" count="2" type="cond" truecount="2" falsecount="0"/>
      <line num="248" count="2" type="cond" truecount="2" falsecount="0"/>
      <line num="249" count="2" type="cond" truecount="2" falsecount="0"/>
      <line num="250" count="2" type="cond" truecount="2" falsecount="0"/>
      <line num="251" count="2" type="cond" truecount="2" falsecount="0"/>
      <line num="252" count="2" type="cond" truecount="2" falsecount="0"/>
      <line num="254" count="2" type="cond" truecount="2" falsecount="0"/>
      <line num="256" count="2" type="cond" truecount="2" falsecount="0"/>
      <line num="257" count="1" type="stmt"/>
      <line num="268" count="1" type="cond" truecount="3" falsecount="1"/>
      <line num="269" count="0" type="stmt"/>
      <line num="270" count="0" type="stmt"/>
      <line num="272" count="1" type="stmt"/>
      <line num="276" count="1" type="stmt"/>
      <line num="287" count="1" type="cond" truecount="3" falsecount="1"/>
      <line num="288" count="0" type="stmt"/>
      <line num="289" count="0" type="stmt"/>
      <line num="291" count="1" type="stmt"/>
      <line num="297" count="1" type="stmt"/>
    </file>
    <file name="server.js" path="/Users/katyhe/Desktop/CIS450 HW2/CIS450_HW2/HW2_student/server/server.js">
      <metrics statements="18" coveredstatements="17" conditionals="0" coveredconditionals="0" methods="1" coveredmethods="0"/>
      <line num="1" count="1" type="stmt"/>
      <line num="2" count="1" type="stmt"/>
      <line num="3" count="1" type="stmt"/>
      <line num="4" count="1" type="stmt"/>
      <line num="6" count="1" type="stmt"/>
      <line num="7" count="1" type="stmt"/>
      <line num="13" count="1" type="stmt"/>
      <line num="14" count="1" type="stmt"/>
      <line num="15" count="1" type="stmt"/>
      <line num="16" count="1" type="stmt"/>
      <line num="17" count="1" type="stmt"/>
      <line num="18" count="1" type="stmt"/>
      <line num="19" count="1" type="stmt"/>
      <line num="20" count="1" type="stmt"/>
      <line num="21" count="1" type="stmt"/>
      <line num="23" count="1" type="stmt"/>
      <line num="24" count="0" type="stmt"/>
      <line num="27" count="1" type="stmt"/>
    </file>
  </project>
</coverage>
