<?xml version="1.0" encoding="UTF-8"?>
<coverage generated="1675843877000" clover="3.2.0">
  <project timestamp="1675843877000" name="All files">
    <metrics statements="114" coveredstatements="98" conditionals="86" coveredconditionals="65" methods="22" coveredmethods="22" elements="222" coveredelements="185" complexity="0" loc="114" ncloc="114" packages="1" files="2" classes="2"/>
    <file name="routes.js" path="/Users/katyhe/Desktop/CIS450 HW2/CIS450_HW2/HW2_student/server/routes.js">
      <metrics statements="96" coveredstatements="80" conditionals="86" coveredconditionals="65" methods="21" coveredmethods="21"/>
      <line num="1" count="1" type="stmt"/>
      <line num="2" count="1" type="stmt"/>
      <line num="6" count="1" type="stmt"/>
      <line num="13" count="1" type="cond" truecount="1" falsecount="1"/>
      <line num="20" count="1" type="stmt"/>
      <line num="22" count="2" type="stmt"/>
      <line num="23" count="2" type="stmt"/>
      <line num="27" count="2" type="cond" truecount="2" falsecount="0"/>
      <line num="29" count="1" type="stmt"/>
      <line num="30" count="1" type="cond" truecount="1" falsecount="1"/>
      <line num="32" count="1" type="stmt"/>
      <line num="35" count="0" type="stmt"/>
      <line num="40" count="1" type="stmt"/>
      <line num="44" count="1" type="cond" truecount="1" falsecount="1"/>
      <line num="48" count="1" type="stmt"/>
      <line num="55" count="1" type="cond" truecount="3" falsecount="1"/>
      <line num="58" count="0" type="stmt"/>
      <line num="59" count="0" type="stmt"/>
      <line num="65" count="1" type="stmt"/>
      <line num="77" count="1" type="stmt"/>
      <line num="80" count="1" type="stmt"/>
      <line num="85" count="1" type="cond" truecount="2" falsecount="2"/>
      <line num="86" count="1" type="stmt"/>
      <line num="87" count="1" type="stmt"/>
      <line num="89" count="0" type="stmt"/>
      <line num="95" count="1" type="stmt"/>
      <line num="97" count="1" type="stmt"/>
      <line num="102" count="1" type="cond" truecount="2" falsecount="2"/>
      <line num="103" count="1" type="stmt"/>
      <line num="104" count="1" type="stmt"/>
      <line num="106" count="0" type="stmt"/>
      <line num="112" count="1" type="stmt"/>
      <line num="115" count="1" type="stmt"/>
      <line num="120" count="1" type="cond" truecount="3" falsecount="1"/>
      <line num="121" count="0" type="stmt"/>
      <line num="122" count="0" type="stmt"/>
      <line num="124" count="1" type="stmt"/>
      <line num="130" count="1" type="stmt"/>
      <line num="132" count="1" type="stmt"/>
      <line num="138" count="1" type="cond" truecount="2" falsecount="2"/>
      <line num="139" count="1" type="stmt"/>
      <line num="140" count="1" type="stmt"/>
      <line num="142" count="0" type="stmt"/>
      <line num="152" count="1" type="stmt"/>
      <line num="153" count="3" type="stmt"/>
      <line num="155" count="3" type="cond" truecount="2" falsecount="0"/>
      <line num="157" count="3" type="cond" truecount="2" falsecount="0"/>
      <line num="160" count="1" type="stmt"/>
      <line num="165" count="1" type="cond" truecount="3" falsecount="1"/>
      <line num="166" count="0" type="stmt"/>
      <line num="167" count="0" type="stmt"/>
      <line num="169" count="1" type="stmt"/>
      <line num="175" count="2" type="stmt"/>
      <line num="182" count="2" type="cond" truecount="2" falsecount="2"/>
      <line num="183" count="2" type="stmt"/>
      <line num="184" count="2" type="stmt"/>
      <line num="186" count="0" type="stmt"/>
      <line num="193" count="1" type="stmt"/>
      <line num="196" count="3" type="stmt"/>
      <line num="197" count="3" type="cond" truecount="2" falsecount="0"/>
      <line num="199" count="3" type="cond" truecount="2" falsecount="0"/>
      <line num="202" count="1" type="stmt"/>
      <line num="208" count="1" type="cond" truecount="2" falsecount="2"/>
      <line num="209" count="1" type="stmt"/>
      <line num="210" count="1" type="stmt"/>
      <line num="212" count="0" type="stmt"/>
      <line num="216" count="2" type="stmt"/>
      <line num="224" count="2" type="cond" truecount="2" falsecount="2"/>
      <line num="225" count="2" type="stmt"/>
      <line num="226" count="2" type="stmt"/>
      <line num="228" count="0" type="stmt"/>
      <line num="235" count="1" type="stmt"/>
      <line num="238" count="2" type="cond" truecount="2" falsecount="0"/>
      <line num="239" count="2" type="cond" truecount="2" falsecount="0"/>
      <line num="240" count="2" type="cond" truecount="2" falsecount="0"/>
      <line num="241" count="2" type="cond" truecount="2" falsecount="0"/>
      <line num="242" count="2" type="cond" truecount="2" falsecount="0"/>
      <line num="243" count="2" type="cond" truecount="2" falsecount="0"/>
      <line num="244" count="2" type="cond" truecount="2" falsecount="0"/>
      <line num="245" count="2" type="cond" truecount="2" falsecount="0"/>
      <line num="246" count="2" type="cond" truecount="2" falsecount="0"/>
      <line num="247" count="2" type="cond" truecount="2" falsecount="0"/>
      <line num="248" count="2" type="cond" truecount="2" falsecount="0"/>
      <line num="250" count="2" type="cond" truecount="2" falsecount="0"/>
      <line num="252" count="2" type="cond" truecount="2" falsecount="0"/>
      <line num="253" count="1" type="stmt"/>
      <line num="264" count="1" type="cond" truecount="2" falsecount="2"/>
      <line num="265" count="1" type="stmt"/>
      <line num="266" count="1" type="stmt"/>
      <line num="268" count="0" type="stmt"/>
      <line num="272" count="1" type="stmt"/>
      <line num="283" count="1" type="cond" truecount="3" falsecount="1"/>
      <line num="284" count="0" type="stmt"/>
      <line num="285" count="0" type="stmt"/>
      <line num="287" count="1" type="stmt"/>
      <line num="293" count="1" type="stmt"/>
    </file>
    <file name="server.js" path="/Users/katyhe/Desktop/CIS450 HW2/CIS450_HW2/HW2_student/server/server.js">
      <metrics statements="18" coveredstatements="18" conditionals="0" coveredconditionals="0" methods="1" coveredmethods="1"/>
      <line num="1" count="1" type="stmt"/>
      <line num="2" count="1" type="stmt"/>
      <line num="3" count="1" type="stmt"/>
      <line num="4" count="1" type="stmt"/>
      <line num="6" count="1" type="stmt"/>
      <line num="7" count="1" type="stmt"/>
      <line num="13" count="1" type="stmt"/>
      <line num="14" count="1" type="stmt"/>
      <line num="15" count="1" type="stmt"/>
      <line num="16" count="1" type="stmt"/>
      <line num="17" count="1" type="stmt"/>
      <line num="18" count="1" type="stmt"/>
      <line num="19" count="1" type="stmt"/>
      <line num="20" count="1" type="stmt"/>
      <line num="21" count="1" type="stmt"/>
      <line num="23" count="1" type="stmt"/>
      <line num="24" count="1" type="stmt"/>
      <line num="27" count="1" type="stmt"/>
    </file>
  </project>
</coverage>
