{"/Users/katyhe/Desktop/CIS450 HW2/CIS450_HW2/HW2_student/server/routes.js": {"path":"/Users/katyhe/Desktop/CIS450 HW2/CIS450_HW2/HW2_student/server/routes.js","statementMap":{"0":{"start":{"line":1,"column":14},"end":{"line":1,"column":30}},"1":{"start":{"line":2,"column":15},"end":{"line":2,"column":39}},"2":{"start":{"line":6,"column":19},"end":{"line":12,"column":2}},"3":{"start":{"line":13,"column":0},"end":{"line":13,"column":53}},"4":{"start":{"line":13,"column":28},"end":{"line":13,"column":51}},"5":{"start":{"line":20,"column":15},"end":{"line":37,"column":1}},"6":{"start":{"line":22,"column":15},"end":{"line":22,"column":26}},"7":{"start":{"line":23,"column":18},"end":{"line":23,"column":26}},"8":{"start":{"line":27,"column":2},"end":{"line":36,"column":3}},"9":{"start":{"line":29,"column":4},"end":{"line":29,"column":35}},"10":{"start":{"line":30,"column":9},"end":{"line":36,"column":3}},"11":{"start":{"line":32,"column":4},"end":{"line":32,"column":38}},"12":{"start":{"line":35,"column":4},"end":{"line":35,"column":115}},"13":{"start":{"line":40,"column":15},"end":{"line":70,"column":1}},"14":{"start":{"line":44,"column":19},"end":{"line":44,"column":56}},"15":{"start":{"line":48,"column":2},"end":{"line":69,"column":5}},"16":{"start":{"line":55,"column":4},"end":{"line":68,"column":5}},"17":{"start":{"line":58,"column":6},"end":{"line":58,"column":23}},"18":{"start":{"line":59,"column":6},"end":{"line":59,"column":19}},"19":{"start":{"line":65,"column":6},"end":{"line":67,"column":9}},"20":{"start":{"line":77,"column":13},"end":{"line":92,"column":1}},"21":{"start":{"line":80,"column":2},"end":{"line":91,"column":5}},"22":{"start":{"line":85,"column":4},"end":{"line":90,"column":5}},"23":{"start":{"line":86,"column":6},"end":{"line":86,"column":23}},"24":{"start":{"line":87,"column":6},"end":{"line":87,"column":19}},"25":{"start":{"line":89,"column":6},"end":{"line":89,"column":24}},"26":{"start":{"line":95,"column":14},"end":{"line":109,"column":1}},"27":{"start":{"line":97,"column":2},"end":{"line":108,"column":5}},"28":{"start":{"line":102,"column":4},"end":{"line":107,"column":5}},"29":{"start":{"line":103,"column":6},"end":{"line":103,"column":23}},"30":{"start":{"line":104,"column":6},"end":{"line":104,"column":19}},"31":{"start":{"line":106,"column":6},"end":{"line":106,"column":24}},"32":{"start":{"line":112,"column":15},"end":{"line":127,"column":1}},"33":{"start":{"line":115,"column":2},"end":{"line":126,"column":5}},"34":{"start":{"line":120,"column":4},"end":{"line":125,"column":5}},"35":{"start":{"line":121,"column":6},"end":{"line":121,"column":23}},"36":{"start":{"line":122,"column":6},"end":{"line":122,"column":19}},"37":{"start":{"line":124,"column":6},"end":{"line":124,"column":21}},"38":{"start":{"line":130,"column":20},"end":{"line":145,"column":1}},"39":{"start":{"line":132,"column":2},"end":{"line":144,"column":5}},"40":{"start":{"line":138,"column":4},"end":{"line":143,"column":5}},"41":{"start":{"line":139,"column":6},"end":{"line":139,"column":23}},"42":{"start":{"line":140,"column":6},"end":{"line":140,"column":19}},"43":{"start":{"line":142,"column":6},"end":{"line":142,"column":21}},"44":{"start":{"line":152,"column":18},"end":{"line":193,"column":1}},"45":{"start":{"line":153,"column":15},"end":{"line":153,"column":29}},"46":{"start":{"line":155,"column":19},"end":{"line":155,"column":44}},"47":{"start":{"line":156,"column":17},"end":{"line":156,"column":34}},"48":{"start":{"line":158,"column":2},"end":{"line":192,"column":3}},"49":{"start":{"line":161,"column":4},"end":{"line":173,"column":7}},"50":{"start":{"line":167,"column":6},"end":{"line":172,"column":7}},"51":{"start":{"line":168,"column":8},"end":{"line":168,"column":25}},"52":{"start":{"line":169,"column":8},"end":{"line":169,"column":21}},"53":{"start":{"line":171,"column":8},"end":{"line":171,"column":23}},"54":{"start":{"line":177,"column":4},"end":{"line":191,"column":7}},"55":{"start":{"line":185,"column":6},"end":{"line":190,"column":7}},"56":{"start":{"line":186,"column":8},"end":{"line":186,"column":25}},"57":{"start":{"line":187,"column":8},"end":{"line":187,"column":21}},"58":{"start":{"line":189,"column":8},"end":{"line":189,"column":23}},"59":{"start":{"line":196,"column":19},"end":{"line":236,"column":1}},"60":{"start":{"line":199,"column":15},"end":{"line":199,"column":29}},"61":{"start":{"line":200,"column":19},"end":{"line":200,"column":44}},"62":{"start":{"line":201,"column":17},"end":{"line":201,"column":34}},"63":{"start":{"line":203,"column":2},"end":{"line":235,"column":3}},"64":{"start":{"line":206,"column":4},"end":{"line":218,"column":7}},"65":{"start":{"line":212,"column":6},"end":{"line":217,"column":7}},"66":{"start":{"line":213,"column":8},"end":{"line":213,"column":25}},"67":{"start":{"line":214,"column":8},"end":{"line":214,"column":21}},"68":{"start":{"line":216,"column":8},"end":{"line":216,"column":23}},"69":{"start":{"line":220,"column":4},"end":{"line":234,"column":7}},"70":{"start":{"line":228,"column":6},"end":{"line":233,"column":7}},"71":{"start":{"line":229,"column":8},"end":{"line":229,"column":25}},"72":{"start":{"line":230,"column":8},"end":{"line":230,"column":21}},"73":{"start":{"line":232,"column":8},"end":{"line":232,"column":23}},"74":{"start":{"line":239,"column":21},"end":{"line":295,"column":1}},"75":{"start":{"line":242,"column":16},"end":{"line":242,"column":37}},"76":{"start":{"line":243,"column":22},"end":{"line":243,"column":50}},"77":{"start":{"line":244,"column":23},"end":{"line":244,"column":53}},"78":{"start":{"line":245,"column":19},"end":{"line":245,"column":43}},"79":{"start":{"line":246,"column":20},"end":{"line":246,"column":54}},"80":{"start":{"line":247,"column":26},"end":{"line":247,"column":57}},"81":{"start":{"line":248,"column":27},"end":{"line":248,"column":59}},"82":{"start":{"line":249,"column":20},"end":{"line":249,"column":45}},"83":{"start":{"line":250,"column":21},"end":{"line":250,"column":47}},"84":{"start":{"line":251,"column":21},"end":{"line":251,"column":47}},"85":{"start":{"line":252,"column":22},"end":{"line":252,"column":49}},"86":{"start":{"line":254,"column":19},"end":{"line":254,"column":56}},"87":{"start":{"line":256,"column":2},"end":{"line":294,"column":3}},"88":{"start":{"line":257,"column":4},"end":{"line":274,"column":7}},"89":{"start":{"line":268,"column":6},"end":{"line":273,"column":7}},"90":{"start":{"line":269,"column":8},"end":{"line":269,"column":25}},"91":{"start":{"line":270,"column":8},"end":{"line":270,"column":21}},"92":{"start":{"line":272,"column":8},"end":{"line":272,"column":23}},"93":{"start":{"line":276,"column":4},"end":{"line":293,"column":7}},"94":{"start":{"line":287,"column":6},"end":{"line":292,"column":7}},"95":{"start":{"line":288,"column":8},"end":{"line":288,"column":25}},"96":{"start":{"line":289,"column":8},"end":{"line":289,"column":21}},"97":{"start":{"line":291,"column":8},"end":{"line":291,"column":23}},"98":{"start":{"line":297,"column":0},"end":{"line":307,"column":1}}},"fnMap":{"0":{"name":"(anonymous_0)","decl":{"start":{"line":13,"column":19},"end":{"line":13,"column":20}},"loc":{"start":{"line":13,"column":28},"end":{"line":13,"column":51}},"line":13},"1":{"name":"(anonymous_1)","decl":{"start":{"line":20,"column":15},"end":{"line":20,"column":16}},"loc":{"start":{"line":20,"column":40},"end":{"line":37,"column":1}},"line":20},"2":{"name":"(anonymous_2)","decl":{"start":{"line":40,"column":15},"end":{"line":40,"column":16}},"loc":{"start":{"line":40,"column":40},"end":{"line":70,"column":1}},"line":40},"3":{"name":"(anonymous_3)","decl":{"start":{"line":54,"column":7},"end":{"line":54,"column":8}},"loc":{"start":{"line":54,"column":22},"end":{"line":69,"column":3}},"line":54},"4":{"name":"(anonymous_4)","decl":{"start":{"line":77,"column":13},"end":{"line":77,"column":14}},"loc":{"start":{"line":77,"column":38},"end":{"line":92,"column":1}},"line":77},"5":{"name":"(anonymous_5)","decl":{"start":{"line":84,"column":7},"end":{"line":84,"column":8}},"loc":{"start":{"line":84,"column":22},"end":{"line":91,"column":3}},"line":84},"6":{"name":"(anonymous_6)","decl":{"start":{"line":95,"column":14},"end":{"line":95,"column":15}},"loc":{"start":{"line":95,"column":39},"end":{"line":109,"column":1}},"line":95},"7":{"name":"(anonymous_7)","decl":{"start":{"line":101,"column":5},"end":{"line":101,"column":6}},"loc":{"start":{"line":101,"column":20},"end":{"line":108,"column":3}},"line":101},"8":{"name":"(anonymous_8)","decl":{"start":{"line":112,"column":15},"end":{"line":112,"column":16}},"loc":{"start":{"line":112,"column":40},"end":{"line":127,"column":1}},"line":112},"9":{"name":"(anonymous_9)","decl":{"start":{"line":119,"column":7},"end":{"line":119,"column":8}},"loc":{"start":{"line":119,"column":22},"end":{"line":126,"column":3}},"line":119},"10":{"name":"(anonymous_10)","decl":{"start":{"line":130,"column":20},"end":{"line":130,"column":21}},"loc":{"start":{"line":130,"column":45},"end":{"line":145,"column":1}},"line":130},"11":{"name":"(anonymous_11)","decl":{"start":{"line":137,"column":7},"end":{"line":137,"column":8}},"loc":{"start":{"line":137,"column":22},"end":{"line":144,"column":3}},"line":137},"12":{"name":"(anonymous_12)","decl":{"start":{"line":152,"column":18},"end":{"line":152,"column":19}},"loc":{"start":{"line":152,"column":43},"end":{"line":193,"column":1}},"line":152},"13":{"name":"(anonymous_13)","decl":{"start":{"line":166,"column":9},"end":{"line":166,"column":10}},"loc":{"start":{"line":166,"column":24},"end":{"line":173,"column":5}},"line":166},"14":{"name":"(anonymous_14)","decl":{"start":{"line":184,"column":9},"end":{"line":184,"column":10}},"loc":{"start":{"line":184,"column":24},"end":{"line":191,"column":5}},"line":184},"15":{"name":"(anonymous_15)","decl":{"start":{"line":196,"column":19},"end":{"line":196,"column":20}},"loc":{"start":{"line":196,"column":44},"end":{"line":236,"column":1}},"line":196},"16":{"name":"(anonymous_16)","decl":{"start":{"line":211,"column":9},"end":{"line":211,"column":10}},"loc":{"start":{"line":211,"column":24},"end":{"line":218,"column":5}},"line":211},"17":{"name":"(anonymous_17)","decl":{"start":{"line":227,"column":7},"end":{"line":227,"column":8}},"loc":{"start":{"line":227,"column":22},"end":{"line":234,"column":5}},"line":227},"18":{"name":"(anonymous_18)","decl":{"start":{"line":239,"column":21},"end":{"line":239,"column":22}},"loc":{"start":{"line":239,"column":46},"end":{"line":295,"column":1}},"line":239},"19":{"name":"(anonymous_19)","decl":{"start":{"line":267,"column":7},"end":{"line":267,"column":8}},"loc":{"start":{"line":267,"column":22},"end":{"line":274,"column":5}},"line":267},"20":{"name":"(anonymous_20)","decl":{"start":{"line":286,"column":7},"end":{"line":286,"column":8}},"loc":{"start":{"line":286,"column":22},"end":{"line":293,"column":5}},"line":286}},"branchMap":{"0":{"loc":{"start":{"line":13,"column":28},"end":{"line":13,"column":51}},"type":"binary-expr","locations":[{"start":{"line":13,"column":28},"end":{"line":13,"column":31}},{"start":{"line":13,"column":35},"end":{"line":13,"column":51}}],"line":13},"1":{"loc":{"start":{"line":27,"column":2},"end":{"line":36,"column":3}},"type":"if","locations":[{"start":{"line":27,"column":2},"end":{"line":36,"column":3}},{"start":{"line":30,"column":9},"end":{"line":36,"column":3}}],"line":27},"2":{"loc":{"start":{"line":30,"column":9},"end":{"line":36,"column":3}},"type":"if","locations":[{"start":{"line":30,"column":9},"end":{"line":36,"column":3}},{"start":{"line":33,"column":9},"end":{"line":36,"column":3}}],"line":30},"3":{"loc":{"start":{"line":44,"column":19},"end":{"line":44,"column":56}},"type":"cond-expr","locations":[{"start":{"line":44,"column":51},"end":{"line":44,"column":52}},{"start":{"line":44,"column":55},"end":{"line":44,"column":56}}],"line":44},"4":{"loc":{"start":{"line":55,"column":4},"end":{"line":68,"column":5}},"type":"if","locations":[{"start":{"line":55,"column":4},"end":{"line":68,"column":5}},{"start":{"line":60,"column":11},"end":{"line":68,"column":5}}],"line":55},"5":{"loc":{"start":{"line":55,"column":8},"end":{"line":55,"column":32}},"type":"binary-expr","locations":[{"start":{"line":55,"column":8},"end":{"line":55,"column":11}},{"start":{"line":55,"column":15},"end":{"line":55,"column":32}}],"line":55},"6":{"loc":{"start":{"line":85,"column":4},"end":{"line":90,"column":5}},"type":"if","locations":[{"start":{"line":85,"column":4},"end":{"line":90,"column":5}},{"start":{"line":88,"column":11},"end":{"line":90,"column":5}}],"line":85},"7":{"loc":{"start":{"line":85,"column":8},"end":{"line":85,"column":32}},"type":"binary-expr","locations":[{"start":{"line":85,"column":8},"end":{"line":85,"column":11}},{"start":{"line":85,"column":15},"end":{"line":85,"column":32}}],"line":85},"8":{"loc":{"start":{"line":102,"column":4},"end":{"line":107,"column":5}},"type":"if","locations":[{"start":{"line":102,"column":4},"end":{"line":107,"column":5}},{"start":{"line":105,"column":11},"end":{"line":107,"column":5}}],"line":102},"9":{"loc":{"start":{"line":102,"column":8},"end":{"line":102,"column":32}},"type":"binary-expr","locations":[{"start":{"line":102,"column":8},"end":{"line":102,"column":11}},{"start":{"line":102,"column":15},"end":{"line":102,"column":32}}],"line":102},"10":{"loc":{"start":{"line":120,"column":4},"end":{"line":125,"column":5}},"type":"if","locations":[{"start":{"line":120,"column":4},"end":{"line":125,"column":5}},{"start":{"line":123,"column":11},"end":{"line":125,"column":5}}],"line":120},"11":{"loc":{"start":{"line":120,"column":8},"end":{"line":120,"column":32}},"type":"binary-expr","locations":[{"start":{"line":120,"column":8},"end":{"line":120,"column":11}},{"start":{"line":120,"column":15},"end":{"line":120,"column":32}}],"line":120},"12":{"loc":{"start":{"line":138,"column":4},"end":{"line":143,"column":5}},"type":"if","locations":[{"start":{"line":138,"column":4},"end":{"line":143,"column":5}},{"start":{"line":141,"column":11},"end":{"line":143,"column":5}}],"line":138},"13":{"loc":{"start":{"line":138,"column":8},"end":{"line":138,"column":32}},"type":"binary-expr","locations":[{"start":{"line":138,"column":8},"end":{"line":138,"column":11}},{"start":{"line":138,"column":15},"end":{"line":138,"column":32}}],"line":138},"14":{"loc":{"start":{"line":155,"column":19},"end":{"line":155,"column":44}},"type":"binary-expr","locations":[{"start":{"line":155,"column":19},"end":{"line":155,"column":38}},{"start":{"line":155,"column":42},"end":{"line":155,"column":44}}],"line":155},"15":{"loc":{"start":{"line":158,"column":2},"end":{"line":192,"column":3}},"type":"if","locations":[{"start":{"line":158,"column":2},"end":{"line":192,"column":3}},{"start":{"line":174,"column":9},"end":{"line":192,"column":3}}],"line":158},"16":{"loc":{"start":{"line":167,"column":6},"end":{"line":172,"column":7}},"type":"if","locations":[{"start":{"line":167,"column":6},"end":{"line":172,"column":7}},{"start":{"line":170,"column":13},"end":{"line":172,"column":7}}],"line":167},"17":{"loc":{"start":{"line":167,"column":10},"end":{"line":167,"column":34}},"type":"binary-expr","locations":[{"start":{"line":167,"column":10},"end":{"line":167,"column":13}},{"start":{"line":167,"column":17},"end":{"line":167,"column":34}}],"line":167},"18":{"loc":{"start":{"line":185,"column":6},"end":{"line":190,"column":7}},"type":"if","locations":[{"start":{"line":185,"column":6},"end":{"line":190,"column":7}},{"start":{"line":188,"column":13},"end":{"line":190,"column":7}}],"line":185},"19":{"loc":{"start":{"line":185,"column":10},"end":{"line":185,"column":34}},"type":"binary-expr","locations":[{"start":{"line":185,"column":10},"end":{"line":185,"column":13}},{"start":{"line":185,"column":17},"end":{"line":185,"column":34}}],"line":185},"20":{"loc":{"start":{"line":200,"column":19},"end":{"line":200,"column":44}},"type":"binary-expr","locations":[{"start":{"line":200,"column":19},"end":{"line":200,"column":38}},{"start":{"line":200,"column":42},"end":{"line":200,"column":44}}],"line":200},"21":{"loc":{"start":{"line":203,"column":2},"end":{"line":235,"column":3}},"type":"if","locations":[{"start":{"line":203,"column":2},"end":{"line":235,"column":3}},{"start":{"line":219,"column":9},"end":{"line":235,"column":3}}],"line":203},"22":{"loc":{"start":{"line":212,"column":6},"end":{"line":217,"column":7}},"type":"if","locations":[{"start":{"line":212,"column":6},"end":{"line":217,"column":7}},{"start":{"line":215,"column":13},"end":{"line":217,"column":7}}],"line":212},"23":{"loc":{"start":{"line":212,"column":10},"end":{"line":212,"column":34}},"type":"binary-expr","locations":[{"start":{"line":212,"column":10},"end":{"line":212,"column":13}},{"start":{"line":212,"column":17},"end":{"line":212,"column":34}}],"line":212},"24":{"loc":{"start":{"line":228,"column":6},"end":{"line":233,"column":7}},"type":"if","locations":[{"start":{"line":228,"column":6},"end":{"line":233,"column":7}},{"start":{"line":231,"column":13},"end":{"line":233,"column":7}}],"line":228},"25":{"loc":{"start":{"line":228,"column":10},"end":{"line":228,"column":34}},"type":"binary-expr","locations":[{"start":{"line":228,"column":10},"end":{"line":228,"column":13}},{"start":{"line":228,"column":17},"end":{"line":228,"column":34}}],"line":228},"26":{"loc":{"start":{"line":242,"column":16},"end":{"line":242,"column":37}},"type":"binary-expr","locations":[{"start":{"line":242,"column":16},"end":{"line":242,"column":31}},{"start":{"line":242,"column":35},"end":{"line":242,"column":37}}],"line":242},"27":{"loc":{"start":{"line":243,"column":22},"end":{"line":243,"column":50}},"type":"binary-expr","locations":[{"start":{"line":243,"column":22},"end":{"line":243,"column":44}},{"start":{"line":243,"column":48},"end":{"line":243,"column":50}}],"line":243},"28":{"loc":{"start":{"line":244,"column":23},"end":{"line":244,"column":53}},"type":"binary-expr","locations":[{"start":{"line":244,"column":23},"end":{"line":244,"column":46}},{"start":{"line":244,"column":50},"end":{"line":244,"column":53}}],"line":244},"29":{"loc":{"start":{"line":245,"column":19},"end":{"line":245,"column":43}},"type":"binary-expr","locations":[{"start":{"line":245,"column":19},"end":{"line":245,"column":38}},{"start":{"line":245,"column":42},"end":{"line":245,"column":43}}],"line":245},"30":{"loc":{"start":{"line":246,"column":20},"end":{"line":246,"column":54}},"type":"binary-expr","locations":[{"start":{"line":246,"column":20},"end":{"line":246,"column":40}},{"start":{"line":246,"column":44},"end":{"line":246,"column":54}}],"line":246},"31":{"loc":{"start":{"line":247,"column":26},"end":{"line":247,"column":57}},"type":"binary-expr","locations":[{"start":{"line":247,"column":26},"end":{"line":247,"column":52}},{"start":{"line":247,"column":56},"end":{"line":247,"column":57}}],"line":247},"32":{"loc":{"start":{"line":248,"column":27},"end":{"line":248,"column":59}},"type":"binary-expr","locations":[{"start":{"line":248,"column":27},"end":{"line":248,"column":54}},{"start":{"line":248,"column":58},"end":{"line":248,"column":59}}],"line":248},"33":{"loc":{"start":{"line":249,"column":20},"end":{"line":249,"column":45}},"type":"binary-expr","locations":[{"start":{"line":249,"column":20},"end":{"line":249,"column":40}},{"start":{"line":249,"column":44},"end":{"line":249,"column":45}}],"line":249},"34":{"loc":{"start":{"line":250,"column":21},"end":{"line":250,"column":47}},"type":"binary-expr","locations":[{"start":{"line":250,"column":21},"end":{"line":250,"column":42}},{"start":{"line":250,"column":46},"end":{"line":250,"column":47}}],"line":250},"35":{"loc":{"start":{"line":251,"column":21},"end":{"line":251,"column":47}},"type":"binary-expr","locations":[{"start":{"line":251,"column":21},"end":{"line":251,"column":42}},{"start":{"line":251,"column":46},"end":{"line":251,"column":47}}],"line":251},"36":{"loc":{"start":{"line":252,"column":22},"end":{"line":252,"column":49}},"type":"binary-expr","locations":[{"start":{"line":252,"column":22},"end":{"line":252,"column":44}},{"start":{"line":252,"column":48},"end":{"line":252,"column":49}}],"line":252},"37":{"loc":{"start":{"line":254,"column":19},"end":{"line":254,"column":56}},"type":"cond-expr","locations":[{"start":{"line":254,"column":51},"end":{"line":254,"column":52}},{"start":{"line":254,"column":55},"end":{"line":254,"column":56}}],"line":254},"38":{"loc":{"start":{"line":256,"column":2},"end":{"line":294,"column":3}},"type":"if","locations":[{"start":{"line":256,"column":2},"end":{"line":294,"column":3}},{"start":{"line":275,"column":9},"end":{"line":294,"column":3}}],"line":256},"39":{"loc":{"start":{"line":268,"column":6},"end":{"line":273,"column":7}},"type":"if","locations":[{"start":{"line":268,"column":6},"end":{"line":273,"column":7}},{"start":{"line":271,"column":13},"end":{"line":273,"column":7}}],"line":268},"40":{"loc":{"start":{"line":268,"column":10},"end":{"line":268,"column":34}},"type":"binary-expr","locations":[{"start":{"line":268,"column":10},"end":{"line":268,"column":13}},{"start":{"line":268,"column":17},"end":{"line":268,"column":34}}],"line":268},"41":{"loc":{"start":{"line":287,"column":6},"end":{"line":292,"column":7}},"type":"if","locations":[{"start":{"line":287,"column":6},"end":{"line":292,"column":7}},{"start":{"line":290,"column":13},"end":{"line":292,"column":7}}],"line":287},"42":{"loc":{"start":{"line":287,"column":10},"end":{"line":287,"column":34}},"type":"binary-expr","locations":[{"start":{"line":287,"column":10},"end":{"line":287,"column":13}},{"start":{"line":287,"column":17},"end":{"line":287,"column":34}}],"line":287}},"s":{"0":1,"1":1,"2":1,"3":1,"4":1,"5":1,"6":2,"7":2,"8":2,"9":1,"10":1,"11":1,"12":0,"13":1,"14":1,"15":1,"16":1,"17":0,"18":0,"19":1,"20":1,"21":1,"22":1,"23":0,"24":0,"25":1,"26":1,"27":1,"28":1,"29":0,"30":0,"31":1,"32":1,"33":1,"34":1,"35":0,"36":0,"37":1,"38":1,"39":1,"40":1,"41":0,"42":0,"43":1,"44":1,"45":3,"46":3,"47":3,"48":3,"49":1,"50":1,"51":0,"52":0,"53":1,"54":2,"55":2,"56":0,"57":0,"58":2,"59":1,"60":3,"61":3,"62":3,"63":3,"64":1,"65":1,"66":0,"67":0,"68":1,"69":2,"70":2,"71":0,"72":0,"73":2,"74":1,"75":2,"76":2,"77":2,"78":2,"79":2,"80":2,"81":2,"82":2,"83":2,"84":2,"85":2,"86":2,"87":2,"88":1,"89":1,"90":0,"91":0,"92":1,"93":1,"94":1,"95":0,"96":0,"97":1,"98":1},"f":{"0":1,"1":2,"2":1,"3":1,"4":1,"5":1,"6":1,"7":1,"8":1,"9":1,"10":1,"11":1,"12":3,"13":1,"14":2,"15":3,"16":1,"17":2,"18":2,"19":1,"20":1},"b":{"0":[1,0],"1":[1,1],"2":[1,0],"3":[0,1],"4":[0,1],"5":[1,1],"6":[0,1],"7":[1,1],"8":[0,1],"9":[1,1],"10":[0,1],"11":[1,1],"12":[0,1],"13":[1,1],"14":[3,2],"15":[1,2],"16":[0,1],"17":[1,1],"18":[0,2],"19":[2,2],"20":[3,2],"21":[1,2],"22":[0,1],"23":[1,1],"24":[0,2],"25":[2,2],"26":[2,1],"27":[2,2],"28":[2,2],"29":[2,2],"30":[2,2],"31":[2,2],"32":[2,2],"33":[2,1],"34":[2,2],"35":[2,1],"36":[2,1],"37":[1,1],"38":[1,1],"39":[0,1],"40":[1,1],"41":[0,1],"42":[1,1]},"_coverageSchema":"1a1c01bbd47fc00a2c39e90264f33305004495a9","hash":"7b414663754675b378fc39a561d67a1a595962b4"}
,"/Users/katyhe/Desktop/CIS450 HW2/CIS450_HW2/HW2_student/server/server.js": {"path":"/Users/katyhe/Desktop/CIS450 HW2/CIS450_HW2/HW2_student/server/server.js","statementMap":{"0":{"start":{"line":1,"column":16},"end":{"line":1,"column":34}},"1":{"start":{"line":2,"column":13},"end":{"line":2,"column":28}},"2":{"start":{"line":3,"column":15},"end":{"line":3,"column":34}},"3":{"start":{"line":4,"column":15},"end":{"line":4,"column":34}},"4":{"start":{"line":6,"column":12},"end":{"line":6,"column":21}},"5":{"start":{"line":7,"column":0},"end":{"line":9,"column":4}},"6":{"start":{"line":13,"column":0},"end":{"line":13,"column":40}},"7":{"start":{"line":14,"column":0},"end":{"line":14,"column":34}},"8":{"start":{"line":15,"column":0},"end":{"line":15,"column":39}},"9":{"start":{"line":16,"column":0},"end":{"line":16,"column":42}},"10":{"start":{"line":17,"column":0},"end":{"line":17,"column":34}},"11":{"start":{"line":18,"column":0},"end":{"line":18,"column":54}},"12":{"start":{"line":19,"column":0},"end":{"line":19,"column":40}},"13":{"start":{"line":20,"column":0},"end":{"line":20,"column":42}},"14":{"start":{"line":21,"column":0},"end":{"line":21,"column":46}},"15":{"start":{"line":23,"column":0},"end":{"line":25,"column":3}},"16":{"start":{"line":24,"column":2},"end":{"line":24,"column":86}},"17":{"start":{"line":27,"column":0},"end":{"line":27,"column":21}}},"fnMap":{"0":{"name":"(anonymous_0)","decl":{"start":{"line":23,"column":31},"end":{"line":23,"column":32}},"loc":{"start":{"line":23,"column":37},"end":{"line":25,"column":1}},"line":23}},"branchMap":{},"s":{"0":1,"1":1,"2":1,"3":1,"4":1,"5":1,"6":1,"7":1,"8":1,"9":1,"10":1,"11":1,"12":1,"13":1,"14":1,"15":1,"16":0,"17":1},"f":{"0":0},"b":{},"_coverageSchema":"1a1c01bbd47fc00a2c39e90264f33305004495a9","hash":"74a5c33c6c1cdaad14652b4658f25ccc07900b33"}
}
