TN:
SF:routes.js
FN:13,(anonymous_0)
FN:20,(anonymous_1)
FN:40,(anonymous_2)
FN:54,(anonymous_3)
FN:77,(anonymous_4)
FN:84,(anonymous_5)
FN:95,(anonymous_6)
FN:101,(anonymous_7)
FN:112,(anonymous_8)
FN:119,(anonymous_9)
FN:130,(anonymous_10)
FN:137,(anonymous_11)
FN:152,(anonymous_12)
FN:164,(anonymous_13)
FN:181,(anonymous_14)
FN:193,(anonymous_15)
FN:207,(anonymous_16)
FN:223,(anonymous_17)
FN:235,(anonymous_18)
FN:263,(anonymous_19)
FN:282,(anonymous_20)
FNF:21
FNH:21
FNDA:1,(anonymous_0)
FNDA:2,(anonymous_1)
FNDA:1,(anonymous_2)
FNDA:1,(anonymous_3)
FNDA:1,(anonymous_4)
FNDA:1,(anonymous_5)
FNDA:1,(anonymous_6)
FNDA:1,(anonymous_7)
FNDA:1,(anonymous_8)
FNDA:1,(anonymous_9)
FNDA:1,(anonymous_10)
FNDA:1,(anonymous_11)
FNDA:3,(anonymous_12)
FNDA:1,(anonymous_13)
FNDA:2,(anonymous_14)
FNDA:3,(anonymous_15)
FNDA:1,(anonymous_16)
FNDA:2,(anonymous_17)
FNDA:2,(anonymous_18)
FNDA:1,(anonymous_19)
FNDA:1,(anonymous_20)
DA:1,1
DA:2,1
DA:6,1
DA:13,1
DA:20,1
DA:22,2
DA:23,2
DA:27,2
DA:29,1
DA:30,1
DA:32,1
DA:35,0
DA:40,1
DA:44,1
DA:48,1
DA:55,1
DA:58,0
DA:59,0
DA:65,1
DA:77,1
DA:80,1
DA:85,1
DA:86,1
DA:87,1
DA:89,0
DA:95,1
DA:97,1
DA:102,1
DA:103,1
DA:104,1
DA:106,0
DA:112,1
DA:115,1
DA:120,1
DA:121,0
DA:122,0
DA:124,1
DA:130,1
DA:132,1
DA:138,1
DA:139,1
DA:140,1
DA:142,0
DA:152,1
DA:153,3
DA:155,3
DA:157,3
DA:160,1
DA:165,1
DA:166,0
DA:167,0
DA:169,1
DA:175,2
DA:182,2
DA:183,2
DA:184,2
DA:186,0
DA:193,1
DA:196,3
DA:197,3
DA:199,3
DA:202,1
DA:208,1
DA:209,1
DA:210,1
DA:212,0
DA:216,2
DA:224,2
DA:225,2
DA:226,2
DA:228,0
DA:235,1
DA:238,2
DA:239,2
DA:240,2
DA:241,2
DA:242,2
DA:243,2
DA:244,2
DA:245,2
DA:246,2
DA:247,2
DA:248,2
DA:250,2
DA:252,2
DA:253,1
DA:264,1
DA:265,1
DA:266,1
DA:268,0
DA:272,1
DA:283,1
DA:284,0
DA:285,0
DA:287,1
DA:293,1
LF:96
LH:80
BRDA:13,0,0,1
BRDA:13,0,1,0
BRDA:27,1,0,1
BRDA:27,1,1,1
BRDA:30,2,0,1
BRDA:30,2,1,0
BRDA:44,3,0,0
BRDA:44,3,1,1
BRDA:55,4,0,0
BRDA:55,4,1,1
BRDA:55,5,0,1
BRDA:55,5,1,1
BRDA:85,6,0,1
BRDA:85,6,1,0
BRDA:85,7,0,1
BRDA:85,7,1,0
BRDA:102,8,0,1
BRDA:102,8,1,0
BRDA:102,9,0,1
BRDA:102,9,1,0
BRDA:120,10,0,0
BRDA:120,10,1,1
BRDA:120,11,0,1
BRDA:120,11,1,1
BRDA:138,12,0,1
BRDA:138,12,1,0
BRDA:138,13,0,1
BRDA:138,13,1,0
BRDA:155,14,0,1
BRDA:155,14,1,2
BRDA:157,15,0,1
BRDA:157,15,1,2
BRDA:165,16,0,0
BRDA:165,16,1,1
BRDA:165,17,0,1
BRDA:165,17,1,1
BRDA:182,18,0,2
BRDA:182,18,1,0
BRDA:182,19,0,2
BRDA:182,19,1,0
BRDA:197,20,0,1
BRDA:197,20,1,2
BRDA:199,21,0,1
BRDA:199,21,1,2
BRDA:208,22,0,1
BRDA:208,22,1,0
BRDA:208,23,0,1
BRDA:208,23,1,0
BRDA:224,24,0,2
BRDA:224,24,1,0
BRDA:224,25,0,2
BRDA:224,25,1,0
BRDA:238,26,0,2
BRDA:238,26,1,1
BRDA:239,27,0,2
BRDA:239,27,1,2
BRDA:240,28,0,2
BRDA:240,28,1,2
BRDA:241,29,0,2
BRDA:241,29,1,2
BRDA:242,30,0,2
BRDA:242,30,1,2
BRDA:243,31,0,2
BRDA:243,31,1,2
BRDA:244,32,0,2
BRDA:244,32,1,2
BRDA:245,33,0,2
BRDA:245,33,1,1
BRDA:246,34,0,2
BRDA:246,34,1,2
BRDA:247,35,0,2
BRDA:247,35,1,1
BRDA:248,36,0,2
BRDA:248,36,1,1
BRDA:250,37,0,1
BRDA:250,37,1,1
BRDA:252,38,0,1
BRDA:252,38,1,1
BRDA:264,39,0,1
BRDA:264,39,1,0
BRDA:264,40,0,1
BRDA:264,40,1,0
BRDA:283,41,0,0
BRDA:283,41,1,1
BRDA:283,42,0,1
BRDA:283,42,1,1
BRF:86
BRH:65
end_of_record
TN:
SF:server.js
FN:23,(anonymous_0)
FNF:1
FNH:1
FNDA:1,(anonymous_0)
DA:1,1
DA:2,1
DA:3,1
DA:4,1
DA:6,1
DA:7,1
DA:13,1
DA:14,1
DA:15,1
DA:16,1
DA:17,1
DA:18,1
DA:19,1
DA:20,1
DA:21,1
DA:23,1
DA:24,1
DA:27,1
LF:18
LH:18
BRF:0
BRH:0
end_of_record
