TN:
SF:routes.js
FN:13,(anonymous_0)
FN:20,(anonymous_1)
FN:40,(anonymous_2)
FN:54,(anonymous_3)
FN:77,(anonymous_4)
FN:84,(anonymous_5)
FN:95,(anonymous_6)
FN:101,(anonymous_7)
FN:112,(anonymous_8)
FN:119,(anonymous_9)
FN:130,(anonymous_10)
FN:137,(anonymous_11)
FN:152,(anonymous_12)
FN:166,(anonymous_13)
FN:184,(anonymous_14)
FN:196,(anonymous_15)
FN:211,(anonymous_16)
FN:227,(anonymous_17)
FN:239,(anonymous_18)
FN:267,(anonymous_19)
FN:286,(anonymous_20)
FNF:21
FNH:21
FNDA:1,(anonymous_0)
FNDA:2,(anonymous_1)
FNDA:1,(anonymous_2)
FNDA:1,(anonymous_3)
FNDA:1,(anonymous_4)
FNDA:1,(anonymous_5)
FNDA:1,(anonymous_6)
FNDA:1,(anonymous_7)
FNDA:1,(anonymous_8)
FNDA:1,(anonymous_9)
FNDA:1,(anonymous_10)
FNDA:1,(anonymous_11)
FNDA:3,(anonymous_12)
FNDA:1,(anonymous_13)
FNDA:2,(anonymous_14)
FNDA:3,(anonymous_15)
FNDA:1,(anonymous_16)
FNDA:2,(anonymous_17)
FNDA:2,(anonymous_18)
FNDA:1,(anonymous_19)
FNDA:1,(anonymous_20)
DA:1,1
DA:2,1
DA:6,1
DA:13,1
DA:20,1
DA:22,2
DA:23,2
DA:27,2
DA:29,1
DA:30,1
DA:32,1
DA:35,0
DA:40,1
DA:44,1
DA:48,1
DA:55,1
DA:58,0
DA:59,0
DA:65,1
DA:77,1
DA:80,1
DA:85,1
DA:86,0
DA:87,0
DA:89,1
DA:95,1
DA:97,1
DA:102,1
DA:103,0
DA:104,0
DA:106,1
DA:112,1
DA:115,1
DA:120,1
DA:121,0
DA:122,0
DA:124,1
DA:130,1
DA:132,1
DA:138,1
DA:139,0
DA:140,0
DA:142,1
DA:152,1
DA:153,3
DA:155,3
DA:156,3
DA:158,3
DA:161,1
DA:167,1
DA:168,0
DA:169,0
DA:171,1
DA:177,2
DA:185,2
DA:186,0
DA:187,0
DA:189,2
DA:196,1
DA:199,3
DA:200,3
DA:201,3
DA:203,3
DA:206,1
DA:212,1
DA:213,0
DA:214,0
DA:216,1
DA:220,2
DA:228,2
DA:229,0
DA:230,0
DA:232,2
DA:239,1
DA:242,2
DA:243,2
DA:244,2
DA:245,2
DA:246,2
DA:247,2
DA:248,2
DA:249,2
DA:250,2
DA:251,2
DA:252,2
DA:254,2
DA:256,2
DA:257,1
DA:268,1
DA:269,0
DA:270,0
DA:272,1
DA:276,1
DA:287,1
DA:288,0
DA:289,0
DA:291,1
DA:297,1
LF:98
LH:75
BRDA:13,0,0,1
BRDA:13,0,1,0
BRDA:27,1,0,1
BRDA:27,1,1,1
BRDA:30,2,0,1
BRDA:30,2,1,0
BRDA:44,3,0,0
BRDA:44,3,1,1
BRDA:55,4,0,0
BRDA:55,4,1,1
BRDA:55,5,0,1
BRDA:55,5,1,1
BRDA:85,6,0,0
BRDA:85,6,1,1
BRDA:85,7,0,1
BRDA:85,7,1,1
BRDA:102,8,0,0
BRDA:102,8,1,1
BRDA:102,9,0,1
BRDA:102,9,1,1
BRDA:120,10,0,0
BRDA:120,10,1,1
BRDA:120,11,0,1
BRDA:120,11,1,1
BRDA:138,12,0,0
BRDA:138,12,1,1
BRDA:138,13,0,1
BRDA:138,13,1,1
BRDA:155,14,0,3
BRDA:155,14,1,2
BRDA:158,15,0,1
BRDA:158,15,1,2
BRDA:167,16,0,0
BRDA:167,16,1,1
BRDA:167,17,0,1
BRDA:167,17,1,1
BRDA:185,18,0,0
BRDA:185,18,1,2
BRDA:185,19,0,2
BRDA:185,19,1,2
BRDA:200,20,0,3
BRDA:200,20,1,2
BRDA:203,21,0,1
BRDA:203,21,1,2
BRDA:212,22,0,0
BRDA:212,22,1,1
BRDA:212,23,0,1
BRDA:212,23,1,1
BRDA:228,24,0,0
BRDA:228,24,1,2
BRDA:228,25,0,2
BRDA:228,25,1,2
BRDA:242,26,0,2
BRDA:242,26,1,1
BRDA:243,27,0,2
BRDA:243,27,1,2
BRDA:244,28,0,2
BRDA:244,28,1,2
BRDA:245,29,0,2
BRDA:245,29,1,2
BRDA:246,30,0,2
BRDA:246,30,1,2
BRDA:247,31,0,2
BRDA:247,31,1,2
BRDA:248,32,0,2
BRDA:248,32,1,2
BRDA:249,33,0,2
BRDA:249,33,1,1
BRDA:250,34,0,2
BRDA:250,34,1,2
BRDA:251,35,0,2
BRDA:251,35,1,1
BRDA:252,36,0,2
BRDA:252,36,1,1
BRDA:254,37,0,1
BRDA:254,37,1,1
BRDA:256,38,0,1
BRDA:256,38,1,1
BRDA:268,39,0,0
BRDA:268,39,1,1
BRDA:268,40,0,1
BRDA:268,40,1,1
BRDA:287,41,0,0
BRDA:287,41,1,1
BRDA:287,42,0,1
BRDA:287,42,1,1
BRF:86
BRH:72
end_of_record
TN:
SF:server.js
FN:23,(anonymous_0)
FNF:1
FNH:0
FNDA:0,(anonymous_0)
DA:1,1
DA:2,1
DA:3,1
DA:4,1
DA:6,1
DA:7,1
DA:13,1
DA:14,1
DA:15,1
DA:16,1
DA:17,1
DA:18,1
DA:19,1
DA:20,1
DA:21,1
DA:23,1
DA:24,0
DA:27,1
LF:18
LH:17
BRF:0
BRH:0
end_of_record
